d:\gps\project\lab10 (2)\lab10\opengl_4_application_vs2015\opengl_4_application_vs2015\release\opengl_4_application_vs2015.pch
d:\gps\project\lab10 (2)\lab10\opengl_4_application_vs2015\opengl_4_application_vs2015\release\vc142.pdb
d:\gps\project\lab10 (2)\lab10\opengl_4_application_vs2015\opengl_4_application_vs2015\release\stdafx.obj
d:\gps\project\lab10 (2)\lab10\opengl_4_application_vs2015\opengl_4_application_vs2015\release\skybox.obj
d:\gps\project\lab10 (2)\lab10\opengl_4_application_vs2015\opengl_4_application_vs2015\release\shader.obj
d:\gps\project\lab10 (2)\lab10\opengl_4_application_vs2015\opengl_4_application_vs2015\release\opengl_4_application_vs2015.obj
d:\gps\project\lab10 (2)\lab10\opengl_4_application_vs2015\opengl_4_application_vs2015\release\model3d.obj
d:\gps\project\lab10 (2)\lab10\opengl_4_application_vs2015\opengl_4_application_vs2015\release\mesh.obj
d:\gps\project\lab10 (2)\lab10\opengl_4_application_vs2015\opengl_4_application_vs2015\release\camera.obj
d:\gps\project\lab10 (2)\lab10\opengl_4_application_vs2015\opengl_4_application_vs2015\release\stb_image.obj
d:\gps\project\lab10 (2)\lab10\opengl_4_application_vs2015\release\opengl_4_application_vs2015.exe
d:\gps\project\lab10 (2)\lab10\opengl_4_application_vs2015\release\opengl_4_application_vs2015.pdb
d:\gps\project\lab10 (2)\lab10\opengl_4_application_vs2015\release\opengl_4_application_vs2015.ipdb
d:\gps\project\lab10 (2)\lab10\opengl_4_application_vs2015\release\opengl_4_application_vs2015.iobj
d:\as_original\artsoft\lab10\opengl_4_application_vs2015\opengl_4_application_vs2015\release\camera.obj
d:\as_original\artsoft\lab10\opengl_4_application_vs2015\opengl_4_application_vs2015\release\mesh.obj
d:\as_original\artsoft\lab10\opengl_4_application_vs2015\opengl_4_application_vs2015\release\model3d.obj
d:\as_original\artsoft\lab10\opengl_4_application_vs2015\opengl_4_application_vs2015\release\opengl_4_application_vs2015.obj
d:\as_original\artsoft\lab10\opengl_4_application_vs2015\opengl_4_application_vs2015\release\shader.obj
d:\as_original\artsoft\lab10\opengl_4_application_vs2015\opengl_4_application_vs2015\release\skybox.obj
d:\as_original\artsoft\lab10\opengl_4_application_vs2015\opengl_4_application_vs2015\release\stb_image.obj
d:\as_original\artsoft\lab10\opengl_4_application_vs2015\opengl_4_application_vs2015\release\stdafx.obj
d:\as_original\artsoft\lab10\opengl_4_application_vs2015\opengl_4_application_vs2015\release\opengl_4_application_vs2015.pch
d:\as_original\artsoft\lab10\opengl_4_application_vs2015\opengl_4_application_vs2015\release\vc141.pdb
d:\as_original\artsoft\lab10\opengl_4_application_vs2015\opengl_4_application_vs2015\release\vc142.pdb
d:\as_original\artsoft\lab10\opengl_4_application_vs2015\release\opengl_4_application_vs2015.pdb
d:\as_original\artsoft\lab10\opengl_4_application_vs2015\release\opengl_4_application_vs2015.exe
d:\as_original\artsoft\lab10\opengl_4_application_vs2015\opengl_4_application_vs2015\release\opengl_4.59a67b95.tlog\cl.command.1.tlog
d:\as_original\artsoft\lab10\opengl_4_application_vs2015\opengl_4_application_vs2015\release\opengl_4.59a67b95.tlog\cl.read.1.tlog
d:\as_original\artsoft\lab10\opengl_4_application_vs2015\opengl_4_application_vs2015\release\opengl_4.59a67b95.tlog\cl.write.1.tlog
d:\as_original\artsoft\lab10\opengl_4_application_vs2015\opengl_4_application_vs2015\release\opengl_4.59a67b95.tlog\link.command.1.tlog
d:\as_original\artsoft\lab10\opengl_4_application_vs2015\opengl_4_application_vs2015\release\opengl_4.59a67b95.tlog\link.delete.1.tlog
d:\as_original\artsoft\lab10\opengl_4_application_vs2015\opengl_4_application_vs2015\release\opengl_4.59a67b95.tlog\link.read.1.tlog
d:\as_original\artsoft\lab10\opengl_4_application_vs2015\opengl_4_application_vs2015\release\opengl_4.59a67b95.tlog\link.write.1.tlog
d:\as_original\artsoft\lab10\opengl_4_application_vs2015\opengl_4_application_vs2015\release\opengl_4.59a67b95.tlog\opengl_4_application_vs2015.write.1u.tlog
